{"C:\\Users\\dwigh\\Documents\\Projects\\Hypermedia_API\\ApiClient.ts": {"path":"C:\\Users\\dwigh\\Documents\\Projects\\Hypermedia_API\\ApiClient.ts","statementMap":{"0":{"start":{"line":4,"column":0},"end":{"line":4,"column":34}},"1":{"start":{"line":5,"column":0},"end":{"line":5,"column":28}},"2":{"start":{"line":6,"column":12},"end":{"line":6,"column":30}},"3":{"start":{"line":7,"column":16},"end":{"line":7,"column":50}},"4":{"start":{"line":8,"column":15},"end":{"line":8,"column":32}},"5":{"start":{"line":20,"column":0},"end":{"line":102,"column":0}},"6":{"start":{"line":28,"column":8},"end":{"line":34,"column":9}},"7":{"start":{"line":29,"column":12},"end":{"line":29,"column":67}},"8":{"start":{"line":30,"column":12},"end":{"line":30,"column":73}},"9":{"start":{"line":32,"column":12},"end":{"line":32,"column":33}},"10":{"start":{"line":33,"column":12},"end":{"line":33,"column":31}},"11":{"start":{"line":35,"column":8},"end":{"line":35,"column":51}},"12":{"start":{"line":36,"column":8},"end":{"line":37,"column":10}},"13":{"start":{"line":39,"column":8},"end":{"line":39,"column":35}},"14":{"start":{"line":47,"column":4},"end":{"line":101,"column":5}},"15":{"start":{"line":47,"column":4},"end":{"line":101,"column":4}},"16":{"start":{"line":48,"column":21},"end":{"line":48,"column":23}},"17":{"start":{"line":49,"column":8},"end":{"line":53,"column":11}},"18":{"start":{"line":50,"column":12},"end":{"line":52,"column":13}},"19":{"start":{"line":51,"column":16},"end":{"line":51,"column":73}},"20":{"start":{"line":56,"column":8},"end":{"line":100,"column":10}},"21":{"start":{"line":58,"column":12},"end":{"line":99,"column":13}},"22":{"start":{"line":61,"column":16},"end":{"line":63,"column":17}},"23":{"start":{"line":62,"column":20},"end":{"line":62,"column":50}},"24":{"start":{"line":67,"column":16},"end":{"line":70,"column":17}},"25":{"start":{"line":68,"column":20},"end":{"line":68,"column":61}},"26":{"start":{"line":69,"column":20},"end":{"line":69,"column":46}},"27":{"start":{"line":72,"column":36},"end":{"line":72,"column":86}},"28":{"start":{"line":74,"column":29},"end":{"line":74,"column":62}},"29":{"start":{"line":75,"column":29},"end":{"line":75,"column":84}},"30":{"start":{"line":76,"column":16},"end":{"line":86,"column":19}},"31":{"start":{"line":78,"column":20},"end":{"line":85,"column":21}},"32":{"start":{"line":79,"column":24},"end":{"line":79,"column":71}},"33":{"start":{"line":80,"column":24},"end":{"line":80,"column":65}},"34":{"start":{"line":82,"column":24},"end":{"line":84,"column":25}},"35":{"start":{"line":83,"column":28},"end":{"line":83,"column":53}},"36":{"start":{"line":88,"column":16},"end":{"line":92,"column":19}},"37":{"start":{"line":89,"column":20},"end":{"line":91,"column":21}},"38":{"start":{"line":90,"column":24},"end":{"line":90,"column":44}},"39":{"start":{"line":94,"column":16},"end":{"line":96,"column":19}},"40":{"start":{"line":95,"column":20},"end":{"line":95,"column":53}},"41":{"start":{"line":98,"column":16},"end":{"line":98,"column":51}},"42":{"start":{"line":102,"column":0},"end":{"line":102,"column":1}},"43":{"start":{"line":20,"column":13},"end":{"line":20,"column":22}}},"fnMap":{"0":{"name":"(anonymous_0)","decl":{"start":{"line":20,"column":0},"end":{"line":null,"column":-1}},"loc":{"start":{"line":20,"column":0},"end":{"line":20,"column":-1}}},"1":{"name":"ApiClient","decl":{"start":{"line":27,"column":4},"end":{"line":27,"column":15}},"loc":{"start":{"line":27,"column":36},"end":{"line":40,"column":5}}},"2":{"name":"(anonymous_2)","decl":{"start":{"line":36,"column":35},"end":{"line":null,"column":-1}},"loc":{"start":{"line":36,"column":35},"end":{"line":37,"column":9}}},"3":{"name":"(anonymous_3)","decl":{"start":{"line":47,"column":4},"end":{"line":47,"column":9}},"loc":{"start":{"line":47,"column":46},"end":{"line":101,"column":5}}},"4":{"name":"(anonymous_4)","decl":{"start":{"line":49,"column":24},"end":{"line":49,"column":23}},"loc":{"start":{"line":49,"column":31},"end":{"line":53,"column":9}}},"5":{"name":"(anonymous_5)","decl":{"start":{"line":56,"column":50},"end":{"line":56,"column":49}},"loc":{"start":{"line":56,"column":58},"end":{"line":100,"column":9}}},"6":{"name":"(anonymous_6)","decl":{"start":{"line":76,"column":34},"end":{"line":76,"column":34}},"loc":{"start":{"line":76,"column":39},"end":{"line":86,"column":17}}},"7":{"name":"(anonymous_7)","decl":{"start":{"line":88,"column":33},"end":{"line":null,"column":-1}},"loc":{"start":{"line":88,"column":33},"end":{"line":92,"column":17}}},"8":{"name":"(anonymous_8)","decl":{"start":{"line":94,"column":35},"end":{"line":94,"column":35}},"loc":{"start":{"line":94,"column":41},"end":{"line":96,"column":17}}}},"branchMap":{"0":{"loc":{"start":{"line":28,"column":8},"end":{"line":34,"column":9}},"type":"if","locations":[{"start":{"line":28,"column":8},"end":{"line":34,"column":9}},{"start":{"line":28,"column":8},"end":{"line":34,"column":9}}]},"1":{"loc":{"start":{"line":29,"column":48},"end":{"line":29,"column":58}},"type":"cond-expr","locations":[{"start":{"line":29,"column":48},"end":{"line":29,"column":58}},{"start":{"line":29,"column":61},"end":{"line":29,"column":66}}]},"2":{"loc":{"start":{"line":30,"column":51},"end":{"line":30,"column":65}},"type":"cond-expr","locations":[{"start":{"line":30,"column":51},"end":{"line":30,"column":65}},{"start":{"line":30,"column":68},"end":{"line":30,"column":72}}]},"3":{"loc":{"start":{"line":50,"column":12},"end":{"line":52,"column":13}},"type":"if","locations":[{"start":{"line":50,"column":12},"end":{"line":52,"column":13}},{"start":{"line":50,"column":12},"end":{"line":52,"column":13}}]},"4":{"loc":{"start":{"line":67,"column":16},"end":{"line":70,"column":17}},"type":"if","locations":[{"start":{"line":67,"column":16},"end":{"line":70,"column":17}},{"start":{"line":67,"column":16},"end":{"line":70,"column":17}}]},"5":{"loc":{"start":{"line":78,"column":20},"end":{"line":85,"column":21}},"type":"if","locations":[{"start":{"line":78,"column":20},"end":{"line":85,"column":21}},{"start":{"line":78,"column":20},"end":{"line":85,"column":21}}]}},"s":{"0":1,"1":1,"2":1,"3":1,"4":1,"5":1,"6":3,"7":3,"8":3,"9":0,"10":0,"11":3,"12":3,"13":3,"14":1,"15":0,"16":0,"17":0,"18":0,"19":0,"20":0,"21":0,"22":0,"23":0,"24":0,"25":0,"26":0,"27":0,"28":0,"29":0,"30":0,"31":0,"32":0,"33":0,"34":0,"35":0,"36":0,"37":0,"38":0,"39":0,"40":0,"41":0,"42":1,"43":1},"f":{"0":1,"1":3,"2":0,"3":0,"4":0,"5":0,"6":0,"7":0,"8":0},"b":{"0":[3,0],"1":[0,3],"2":[0,3],"3":[0,0],"4":[0,0],"5":[0,0]}}
,"C:\\Users\\dwigh\\Documents\\Projects\\Hypermedia_API\\MyMetadataApiHandler.ts": {"path":"C:\\Users\\dwigh\\Documents\\Projects\\Hypermedia_API\\MyMetadataApiHandler.ts","statementMap":{"0":{"start":{"line":11,"column":0},"end":{"line":169,"column":0}},"1":{"start":{"line":27,"column":4},"end":{"line":38,"column":4}},"2":{"start":{"line":18,"column":12},"end":{"line":18,"column":49}},"3":{"start":{"line":19,"column":12},"end":{"line":19,"column":55}},"4":{"start":{"line":25,"column":12},"end":{"line":25,"column":162}},"5":{"start":{"line":28,"column":8},"end":{"line":28,"column":54}},"6":{"start":{"line":29,"column":8},"end":{"line":29,"column":40}},"7":{"start":{"line":30,"column":8},"end":{"line":30,"column":58}},"8":{"start":{"line":32,"column":8},"end":{"line":32,"column":30}},"9":{"start":{"line":35,"column":8},"end":{"line":37,"column":11}},"10":{"start":{"line":36,"column":12},"end":{"line":36,"column":39}},"11":{"start":{"line":40,"column":4},"end":{"line":51,"column":5}},"12":{"start":{"line":42,"column":8},"end":{"line":48,"column":9}},"13":{"start":{"line":43,"column":23},"end":{"line":43,"column":65}},"14":{"start":{"line":44,"column":12},"end":{"line":46,"column":13}},"15":{"start":{"line":45,"column":16},"end":{"line":45,"column":62}},"16":{"start":{"line":47,"column":12},"end":{"line":47,"column":114}},"17":{"start":{"line":50,"column":8},"end":{"line":50,"column":36}},"18":{"start":{"line":53,"column":4},"end":{"line":101,"column":5}},"19":{"start":{"line":53,"column":4},"end":{"line":101,"column":4}},"20":{"start":{"line":54,"column":25},"end":{"line":54,"column":30}},"21":{"start":{"line":57,"column":29},"end":{"line":57,"column":52}},"22":{"start":{"line":59,"column":12},"end":{"line":87,"column":13}},"23":{"start":{"line":60,"column":16},"end":{"line":60,"column":34}},"24":{"start":{"line":63,"column":20},"end":{"line":70,"column":21}},"25":{"start":{"line":65,"column":37},"end":{"line":65,"column":65}},"26":{"start":{"line":66,"column":24},"end":{"line":68,"column":27}},"27":{"start":{"line":67,"column":28},"end":{"line":67,"column":99}},"28":{"start":{"line":69,"column":24},"end":{"line":69,"column":60}},"29":{"start":{"line":62,"column":16},"end":{"line":71,"column":17}},"30":{"start":{"line":74,"column":16},"end":{"line":86,"column":19}},"31":{"start":{"line":75,"column":20},"end":{"line":85,"column":22}},"32":{"start":{"line":76,"column":45},"end":{"line":76,"column":70}},"33":{"start":{"line":78,"column":24},"end":{"line":84,"column":25}},"34":{"start":{"line":79,"column":28},"end":{"line":83,"column":29}},"35":{"start":{"line":80,"column":32},"end":{"line":80,"column":102}},"36":{"start":{"line":82,"column":32},"end":{"line":82,"column":108}},"37":{"start":{"line":56,"column":8},"end":{"line":88,"column":9}},"38":{"start":{"line":91,"column":8},"end":{"line":100,"column":9}},"39":{"start":{"line":92,"column":12},"end":{"line":99,"column":14}},"40":{"start":{"line":93,"column":16},"end":{"line":98,"column":18}},"41":{"start":{"line":94,"column":20},"end":{"line":96,"column":21}},"42":{"start":{"line":95,"column":24},"end":{"line":95,"column":64}},"43":{"start":{"line":97,"column":20},"end":{"line":97,"column":76}},"44":{"start":{"line":103,"column":4},"end":{"line":149,"column":5}},"45":{"start":{"line":104,"column":20},"end":{"line":104,"column":22}},"46":{"start":{"line":106,"column":8},"end":{"line":113,"column":9}},"47":{"start":{"line":108,"column":12},"end":{"line":108,"column":73}},"48":{"start":{"line":109,"column":12},"end":{"line":112,"column":13}},"49":{"start":{"line":110,"column":16},"end":{"line":110,"column":72}},"50":{"start":{"line":111,"column":16},"end":{"line":111,"column":80}},"51":{"start":{"line":116,"column":8},"end":{"line":118,"column":9}},"52":{"start":{"line":117,"column":12},"end":{"line":117,"column":50}},"53":{"start":{"line":120,"column":8},"end":{"line":122,"column":9}},"54":{"start":{"line":121,"column":12},"end":{"line":121,"column":50}},"55":{"start":{"line":124,"column":8},"end":{"line":126,"column":9}},"56":{"start":{"line":128,"column":8},"end":{"line":130,"column":9}},"57":{"start":{"line":129,"column":12},"end":{"line":129,"column":56}},"58":{"start":{"line":132,"column":8},"end":{"line":134,"column":9}},"59":{"start":{"line":133,"column":12},"end":{"line":133,"column":57}},"60":{"start":{"line":136,"column":8},"end":{"line":138,"column":9}},"61":{"start":{"line":137,"column":12},"end":{"line":137,"column":63}},"62":{"start":{"line":140,"column":8},"end":{"line":142,"column":9}},"63":{"start":{"line":141,"column":12},"end":{"line":141,"column":50}},"64":{"start":{"line":144,"column":8},"end":{"line":146,"column":9}},"65":{"start":{"line":145,"column":12},"end":{"line":145,"column":49}},"66":{"start":{"line":148,"column":8},"end":{"line":148,"column":28}},"67":{"start":{"line":154,"column":4},"end":{"line":167,"column":5}},"68":{"start":{"line":156,"column":29},"end":{"line":156,"column":31}},"69":{"start":{"line":157,"column":8},"end":{"line":163,"column":9}},"70":{"start":{"line":158,"column":12},"end":{"line":162,"column":13}},"71":{"start":{"line":159,"column":16},"end":{"line":159,"column":66}},"72":{"start":{"line":161,"column":16},"end":{"line":161,"column":125}},"73":{"start":{"line":165,"column":8},"end":{"line":165,"column":46}},"74":{"start":{"line":169,"column":0},"end":{"line":169,"column":1}},"75":{"start":{"line":11,"column":13},"end":{"line":11,"column":33}}},"fnMap":{"0":{"name":"(anonymous_0)","decl":{"start":{"line":11,"column":0},"end":{"line":null,"column":-1}},"loc":{"start":{"line":11,"column":0},"end":{"line":11,"column":-1}}},"1":{"name":"MyMetadataApiHandler","decl":{"start":{"line":27,"column":4},"end":{"line":27,"column":15}},"loc":{"start":{"line":27,"column":42},"end":{"line":38,"column":5}}},"2":{"name":"(anonymous_2)","decl":{"start":{"line":35,"column":38},"end":{"line":35,"column":38}},"loc":{"start":{"line":35,"column":42},"end":{"line":37,"column":9}}},"3":{"name":"(anonymous_3)","decl":{"start":{"line":40,"column":4},"end":{"line":40,"column":11}},"loc":{"start":{"line":40,"column":30},"end":{"line":51,"column":5}}},"4":{"name":"(anonymous_4)","decl":{"start":{"line":53,"column":4},"end":{"line":53,"column":10}},"loc":{"start":{"line":53,"column":25},"end":{"line":101,"column":5}}},"5":{"name":"(anonymous_7)","decl":{"start":{"line":66,"column":51},"end":{"line":66,"column":51}},"loc":{"start":{"line":66,"column":55},"end":{"line":68,"column":25}}},"6":{"name":"(anonymous_8)","decl":{"start":{"line":74,"column":43},"end":{"line":74,"column":43}},"loc":{"start":{"line":74,"column":52},"end":{"line":86,"column":17}}},"7":{"name":"(anonymous_9)","decl":{"start":{"line":75,"column":51},"end":{"line":75,"column":51}},"loc":{"start":{"line":75,"column":55},"end":{"line":85,"column":21}}},"8":{"name":"(anonymous_10)","decl":{"start":{"line":92,"column":39},"end":{"line":92,"column":39}},"loc":{"start":{"line":92,"column":48},"end":{"line":99,"column":13}}},"9":{"name":"(anonymous_11)","decl":{"start":{"line":93,"column":47},"end":{"line":93,"column":47}},"loc":{"start":{"line":93,"column":51},"end":{"line":98,"column":17}}},"10":{"name":"(anonymous_12)","decl":{"start":{"line":103,"column":4},"end":{"line":103,"column":19}},"loc":{"start":{"line":103,"column":59},"end":{"line":149,"column":5}}},"11":{"name":"(anonymous_13)","decl":{"start":{"line":154,"column":4},"end":{"line":null,"column":-1}},"loc":{"start":{"line":154,"column":4},"end":{"line":167,"column":5}}}},"branchMap":{"0":{"loc":{"start":{"line":42,"column":8},"end":{"line":48,"column":9}},"type":"if","locations":[{"start":{"line":42,"column":8},"end":{"line":48,"column":9}},{"start":{"line":42,"column":8},"end":{"line":48,"column":9}}]},"1":{"loc":{"start":{"line":44,"column":12},"end":{"line":46,"column":13}},"type":"if","locations":[{"start":{"line":44,"column":12},"end":{"line":46,"column":13}},{"start":{"line":44,"column":12},"end":{"line":46,"column":13}}]},"2":{"loc":{"start":{"line":59,"column":12},"end":{"line":87,"column":13}},"type":"if","locations":[{"start":{"line":59,"column":12},"end":{"line":87,"column":13}},{"start":{"line":59,"column":12},"end":{"line":87,"column":13}}]},"3":{"loc":{"start":{"line":63,"column":20},"end":{"line":70,"column":21}},"type":"if","locations":[{"start":{"line":63,"column":20},"end":{"line":70,"column":21}},{"start":{"line":63,"column":20},"end":{"line":70,"column":21}}]},"4":{"loc":{"start":{"line":78,"column":24},"end":{"line":84,"column":25}},"type":"if","locations":[{"start":{"line":78,"column":24},"end":{"line":84,"column":25}},{"start":{"line":78,"column":24},"end":{"line":84,"column":25}}]},"5":{"loc":{"start":{"line":78,"column":27},"end":{"line":78,"column":40}},"type":"binary-expr","locations":[{"start":{"line":78,"column":27},"end":{"line":78,"column":40}},{"start":{"line":78,"column":44},"end":{"line":78,"column":76}}]},"6":{"loc":{"start":{"line":79,"column":28},"end":{"line":83,"column":29}},"type":"if","locations":[{"start":{"line":79,"column":28},"end":{"line":83,"column":29}},{"start":{"line":79,"column":28},"end":{"line":83,"column":29}}]},"7":{"loc":{"start":{"line":91,"column":8},"end":{"line":100,"column":9}},"type":"if","locations":[{"start":{"line":91,"column":8},"end":{"line":100,"column":9}},{"start":{"line":91,"column":8},"end":{"line":100,"column":9}}]},"8":{"loc":{"start":{"line":94,"column":20},"end":{"line":96,"column":21}},"type":"if","locations":[{"start":{"line":94,"column":20},"end":{"line":96,"column":21}},{"start":{"line":94,"column":20},"end":{"line":96,"column":21}}]},"9":{"loc":{"start":{"line":106,"column":8},"end":{"line":113,"column":9}},"type":"if","locations":[{"start":{"line":106,"column":8},"end":{"line":113,"column":9}},{"start":{"line":106,"column":8},"end":{"line":113,"column":9}}]},"10":{"loc":{"start":{"line":109,"column":12},"end":{"line":112,"column":13}},"type":"if","locations":[{"start":{"line":109,"column":12},"end":{"line":112,"column":13}},{"start":{"line":109,"column":12},"end":{"line":112,"column":13}}]},"11":{"loc":{"start":{"line":116,"column":8},"end":{"line":118,"column":9}},"type":"if","locations":[{"start":{"line":116,"column":8},"end":{"line":118,"column":9}},{"start":{"line":116,"column":8},"end":{"line":118,"column":9}}]},"12":{"loc":{"start":{"line":120,"column":8},"end":{"line":122,"column":9}},"type":"if","locations":[{"start":{"line":120,"column":8},"end":{"line":122,"column":9}},{"start":{"line":120,"column":8},"end":{"line":122,"column":9}}]},"13":{"loc":{"start":{"line":124,"column":8},"end":{"line":126,"column":9}},"type":"if","locations":[{"start":{"line":124,"column":8},"end":{"line":126,"column":9}},{"start":{"line":124,"column":8},"end":{"line":126,"column":9}}]},"14":{"loc":{"start":{"line":128,"column":8},"end":{"line":130,"column":9}},"type":"if","locations":[{"start":{"line":128,"column":8},"end":{"line":130,"column":9}},{"start":{"line":128,"column":8},"end":{"line":130,"column":9}}]},"15":{"loc":{"start":{"line":132,"column":8},"end":{"line":134,"column":9}},"type":"if","locations":[{"start":{"line":132,"column":8},"end":{"line":134,"column":9}},{"start":{"line":132,"column":8},"end":{"line":134,"column":9}}]},"16":{"loc":{"start":{"line":136,"column":8},"end":{"line":138,"column":9}},"type":"if","locations":[{"start":{"line":136,"column":8},"end":{"line":138,"column":9}},{"start":{"line":136,"column":8},"end":{"line":138,"column":9}}]},"17":{"loc":{"start":{"line":140,"column":8},"end":{"line":142,"column":9}},"type":"if","locations":[{"start":{"line":140,"column":8},"end":{"line":142,"column":9}},{"start":{"line":140,"column":8},"end":{"line":142,"column":9}}]},"18":{"loc":{"start":{"line":144,"column":8},"end":{"line":146,"column":9}},"type":"if","locations":[{"start":{"line":144,"column":8},"end":{"line":146,"column":9}},{"start":{"line":144,"column":8},"end":{"line":146,"column":9}}]},"19":{"loc":{"start":{"line":158,"column":12},"end":{"line":162,"column":13}},"type":"if","locations":[{"start":{"line":158,"column":12},"end":{"line":162,"column":13}},{"start":{"line":158,"column":12},"end":{"line":162,"column":13}}]}},"s":{"0":1,"1":1,"2":1,"3":1,"4":1,"5":1,"6":1,"7":1,"8":1,"9":1,"10":0,"11":1,"12":0,"13":0,"14":0,"15":0,"16":0,"17":0,"18":1,"19":0,"20":0,"21":0,"22":0,"23":0,"24":0,"25":0,"26":0,"27":0,"28":0,"29":0,"30":0,"31":0,"32":0,"33":0,"34":0,"35":0,"36":0,"37":0,"38":0,"39":0,"40":0,"41":0,"42":0,"43":0,"44":1,"45":0,"46":0,"47":0,"48":0,"49":0,"50":0,"51":0,"52":0,"53":0,"54":0,"55":0,"56":0,"57":0,"58":0,"59":0,"60":0,"61":0,"62":0,"63":0,"64":0,"65":0,"66":0,"67":1,"68":0,"69":0,"70":0,"71":0,"72":0,"73":0,"74":1,"75":1},"f":{"0":1,"1":1,"2":0,"3":0,"4":0,"5":0,"6":0,"7":0,"8":0,"9":0,"10":0,"11":0},"b":{"0":[0,0],"1":[0,0],"2":[0,0],"3":[0,0],"4":[0,0],"5":[0,0],"6":[0,0],"7":[0,0],"8":[0,0],"9":[0,0],"10":[0,0],"11":[0,0],"12":[0,0],"13":[0,0],"14":[0,0],"15":[0,0],"16":[0,0],"17":[0,0],"18":[0,0],"19":[0,0]}}
}
